## [2019-05-08 16:04:45] Request ##############################

GET /feeds/discussions.rss HTTP/1.1
Host: www.litecart.net
User-Agent: LiteCart/2.1.3
Connection: Close



## [2019-05-08 16:04:47] Response — 9409 bytes transferred in 1.556 s ##############################

HTTP/1.1 200 OK
Date: Wed, 08 May 2019 08:04:48 GMT
Content-Type: application/rss+xml; charset=utf-8
Transfer-Encoding: chunked
Connection: close
Set-Cookie: __cfduid=d41e6d2aab8a921f76deb1c04aa4169e41557302687; expires=Thu, 07-May-20 08:04:47 GMT; path=/; domain=.litecart.net; HttpOnly
X-Powered-By: LiteCart HQ
Expires: Wed, 08 May 2019 08:04:47 GMT
Cache-Control: no-cache
Pragma: no-cache
Content-Language: en
Set-Cookie: LCSESSID=ef899b0a1c26a1d09652565401d39efd; path=/
Set-Cookie: language_code=en; expires=Fri, 07-Jun-2019 08:04:48 GMT; Max-Age=2592000; path=/
Set-Cookie: cart[uid]=5cd28da03b9de; expires=Fri, 08-May-2020 08:04:48 GMT; Max-Age=31622400; path=/
Set-Cookie: currency_code=USD; expires=Fri, 07-Jun-2019 08:04:48 GMT; Max-Age=2592000; path=/
Expect-CT: max-age=604800, report-uri="https://report-uri.cloudflare.com/cdn-cgi/beacon/expect-ct"
Server: cloudflare
CF-RAY: 4d39ecc56804d0dc-SJC

<?xml version="1.0" encoding="utf-8" ?>
<rss version="2.0">
  <channel>
    <title>LiteCart Forum Discussions</title>
    <link>https://www.litecart.net/en/forums/</link>
    <description>The most recent forum activity.</description>
    <language>en</language>
    <item>
      <category><![CDATA[General Discussions]]></category>
      <title><![CDATA[Relations between tables in database]]></title>
      <link>https://www.litecart.net/en/forums/2/general-discussions/9622/relations-between-tables-in-database</link>
      <description><![CDATA[]]></description>
      <author><![CDATA[patronbutiken]]></author>
      <pubDate>Wed, 08 May 2019 03:45:04 +0000</pubDate>
    </item>
    <item>
      <category><![CDATA[General Discussions]]></category>
      <title><![CDATA[alt text]]></title>
      <link>https://www.litecart.net/en/forums/2/general-discussions/9618/alt-text</link>
      <description><![CDATA[]]></description>
      <author><![CDATA[lemmapress]]></author>
      <pubDate>Tue, 07 May 2019 11:54:09 +0000</pubDate>
    </item>
    <item>
      <category><![CDATA[Feature Requests]]></category>
      <title><![CDATA[How do I add external products?]]></title>
      <link>https://www.litecart.net/en/forums/5/feature-requests/9607/how-do-i-add-external-products</link>
      <description><![CDATA[]]></description>
      <author><![CDATA[bogdan]]></author>
      <pubDate>Sun, 05 May 2019 19:38:06 +0000</pubDate>
    </item>
    <item>
      <category><![CDATA[General Discussions]]></category>
      <title><![CDATA[Import procedure]]></title>
      <link>https://www.litecart.net/en/forums/2/general-discussions/5609/import-procedure</link>
      <description><![CDATA[]]></description>
      <author><![CDATA[]]></author>
      <pubDate>Sun, 05 May 2019 19:35:47 +0000</pubDate>
    </item>
    <item>
      <category><![CDATA[Errors and Troubleshooting]]></category>
      <title><![CDATA[Option groups - I guess I don't understand it ...]]></title>
      <link>https://www.litecart.net/en/forums/15/errors-and-troubleshooting/9613/option-groups-i-guess-i-don-t-understand-it</link>
      <description><![CDATA[]]></description>
      <author><![CDATA[garryg]]></author>
      <pubDate>Sun, 05 May 2019 19:09:06 +0000</pubDate>
    </item>
    <item>
      <category><![CDATA[Installation and Configuration]]></category>
      <title><![CDATA[Where do I add new string to session]]></title>
      <link>https://www.litecart.net/en/forums/3/installation-and-configuration/9610/where-do-i-add-new-string-to-session</link>
      <description><![CDATA[]]></description>
      <author><![CDATA[jonas32]]></author>
      <pubDate>Sat, 04 May 2019 21:34:01 +0000</pubDate>
    </item>
    <item>
      <category><![CDATA[Installation and Configuration]]></category>
      <title><![CDATA[Can't import translations]]></title>
      <link>https://www.litecart.net/en/forums/3/installation-and-configuration/9585/can-t-import-translations</link>
      <description><![CDATA[]]></description>
      <author><![CDATA[markus007]]></author>
      <pubDate>Sat, 04 May 2019 11:53:23 +0000</pubDate>
    </item>
    <item>
      <category><![CDATA[General Discussions]]></category>
      <title><![CDATA[how to add a widget in litecart]]></title>
      <link>https://www.litecart.net/en/forums/2/general-discussions/9604/how-to-add-a-widget-in-litecart</link>
      <description><![CDATA[]]></description>
      <author><![CDATA[gimenez70]]></author>
      <pubDate>Thu, 02 May 2019 17:45:30 +0000</pubDate>
    </item>
    <item>
      <category><![CDATA[Errors and Troubleshooting]]></category>
      <title><![CDATA[Product images and memory]]></title>
      <link>https://www.litecart.net/en/forums/15/errors-and-troubleshooting/2975/product-images-and-memory</link>
      <description><![CDATA[]]></description>
      <author><![CDATA[bushmeister]]></author>
      <pubDate>Wed, 01 May 2019 20:23:55 +0000</pubDate>
    </item>
    <item>
      <category><![CDATA[Templates and CSS]]></category>
      <title><![CDATA[How I can show manufacturer on order copy?]]></title>
      <link>https://www.litecart.net/en/forums/12/templates-and-css/9546/how-i-can-show-manufacturer-on-order-copy</link>
      <description><![CDATA[]]></description>
      <author><![CDATA[franz]]></author>
      <pubDate>Wed, 01 May 2019 17:10:19 +0000</pubDate>
    </item>
    <item>
      <category><![CDATA[Errors and Troubleshooting]]></category>
      <title><![CDATA[Clicking on images in product lightbox]]></title>
      <link>https://www.litecart.net/en/forums/15/errors-and-troubleshooting/9591/clicking-on-images-in-product-lightbox</link>
      <description><![CDATA[]]></description>
      <author><![CDATA[skoruppa]]></author>
      <pubDate>Tue, 30 Apr 2019 09:38:29 +0000</pubDate>
    </item>
    <item>
      <category><![CDATA[General Discussions]]></category>
      <title><![CDATA[Shipping module with dropdown issue with ajax]]></title>
      <link>https://www.litecart.net/en/forums/2/general-discussions/9544/shipping-module-with-dropdown-issue-with-ajax</link>
      <description><![CDATA[]]></description>
      <author><![CDATA[dodo]]></author>
      <pubDate>Tue, 30 Apr 2019 00:51:18 +0000</pubDate>
    </item>
    <item>
      <category><![CDATA[Feature Requests]]></category>
      <title><![CDATA[Bundled products]]></title>
      <link>https://www.litecart.net/en/forums/5/feature-requests/9574/bundled-products</link>
      <description><![CDATA[]]></description>
      <author><![CDATA[vilaiporn]]></author>
      <pubDate>Mon, 29 Apr 2019 20:06:17 +0000</pubDate>
    </item>
    <item>
      <category><![CDATA[General Discussions]]></category>
      <title><![CDATA[Put a banner on category page?]]></title>
      <link>https://www.litecart.net/en/forums/2/general-discussions/9588/put-a-banner-on-category-page</link>
      <description><![CDATA[]]></description>
      <author><![CDATA[alins]]></author>
      <pubDate>Mon, 29 Apr 2019 17:43:29 +0000</pubDate>
    </item>
    <item>
      <category><![CDATA[Errors and Troubleshooting]]></category>
      <title><![CDATA[New install of V2.1.6 the checkout page is blank]]></title>
      <link>https://www.litecart.net/en/forums/15/errors-and-troubleshooting/9567/new-install-of-v2-1-6-the-checkout-page-is-blank</link>
      <description><![CDATA[]]></description>
      <author><![CDATA[kenne]]></author>
      <pubDate>Sun, 28 Apr 2019 22:17:12 +0000</pubDate>
    </item>
    <item>
      <category><![CDATA[Installation and Configuration]]></category>
      <title><![CDATA[Weird path after installation]]></title>
      <link>https://www.litecart.net/en/forums/3/installation-and-configuration/9517/weird-path-after-installation</link>
      <description><![CDATA[]]></description>
      <author><![CDATA[markus007]]></author>
      <pubDate>Sat, 27 Apr 2019 11:56:17 +0000</pubDate>
    </item>
    <item>
      <category><![CDATA[General Discussions]]></category>
      <title><![CDATA[My first website with litecart]]></title>
      <link>https://www.litecart.net/en/forums/2/general-discussions/9571/my-first-website-with-litecart</link>
      <description><![CDATA[]]></description>
      <author><![CDATA[gimenez70]]></author>
      <pubDate>Fri, 26 Apr 2019 15:38:53 +0000</pubDate>
    </item>
    <item>
      <category><![CDATA[Templates and CSS]]></category>
      <title><![CDATA[New templates]]></title>
      <link>https://www.litecart.net/en/forums/12/templates-and-css/8783/new-templates</link>
      <description><![CDATA[]]></description>
      <author><![CDATA[dodo]]></author>
      <pubDate>Fri, 26 Apr 2019 13:49:24 +0000</pubDate>
    </item>
    <item>
      <category><![CDATA[General Discussions]]></category>
      <title><![CDATA[How do i remove the language and currencyselector ]]></title>
      <link>https://www.litecart.net/en/forums/2/general-discussions/9536/how-do-i-remove-the-language-and-currencyselector</link>
      <description><![CDATA[]]></description>
      <author><![CDATA[patronbutiken]]></author>
      <pubDate>Tue, 23 Apr 2019 22:30:08 +0000</pubDate>
    </item>
    <item>
      <category><![CDATA[Add-ons]]></category>
      <title><![CDATA[No Status Update]]></title>
      <link>https://www.litecart.net/en/forums/7/add-ons/9361/no-status-update</link>
      <description><![CDATA[]]></description>
      <author><![CDATA[manusocken]]></author>
      <pubDate>Tue, 23 Apr 2019 17:22:31 +0000</pubDate>
    </item>
  </channel>
</rss>


